<?xml version="1.0" encoding="UTF-8"?>
<!-- Generated by org.testng.reporters.JUnitReportReporter -->
<testsuite hostname="LAPTOP-449P6O1H" failures="0" tests="1" name="electronic.TC_DWS_003_Test" time="4.664" errors="0" timestamp="2025-06-02T12:10:05 IST" skipped="0">
  <testcase classname="electronic.TC_DWS_003_Test" name="ClickOnCemaraAndPhotos" time="4.664"/>
</testsuite> <!-- electronic.TC_DWS_003_Test -->
