<?xml version="1.0" encoding="UTF-8"?>
<!-- Generated by org.testng.reporters.JUnitReportReporter -->
<testsuite hostname="LAPTOP-449P6O1H" failures="0" tests="1" name="books.TC_DWS_001_Test" time="3.714" errors="0" timestamp="2025-06-02T12:10:05 IST" skipped="0">
  <testcase classname="books.TC_DWS_001_Test" name="clickOnBooks" time="3.714"/>
</testsuite> <!-- books.TC_DWS_001_Test -->
