<?xml version="1.0" encoding="UTF-8"?>
<!-- Generated by org.testng.reporters.JUnitReportReporter -->
<testsuite hostname="LAPTOP-449P6O1H" failures="0" tests="1" name="extentReport.ToLearnExtentReport" time="0.681" errors="0" timestamp="2025-05-06T15:49:44 IST" skipped="0">
  <testcase classname="extentReport.ToLearnExtentReport" name="createReport" time="0.681"/>
</testsuite> <!-- extentReport.ToLearnExtentReport -->
