<?xml version="1.0" encoding="UTF-8"?>
<!-- Generated by org.testng.reporters.JUnitReportReporter -->
<testsuite hostname="LAPTOP-449P6O1H" failures="0" tests="1" name="bikes.YamahaTest" time="19.661" errors="0" timestamp="2025-05-04T22:26:20 IST" skipped="0">
  <testcase classname="bikes.YamahaTest" name="launch" time="19.661">
    <system-out>
      <![CDATA[Yamaha Launched]]>
    </system-out>
  </testcase> <!-- launch -->
  <system-out>
    <![CDATA[Yamaha Launched]]>
  </system-out>
</testsuite> <!-- bikes.YamahaTest -->
