<?xml version="1.0" encoding="UTF-8"?>
<!-- Generated by org.testng.reporters.JUnitReportReporter -->
<testsuite hostname="LAPTOP-449P6O1H" failures="0" tests="1" name="books.TC_DWS_002_Test" time="8.015" errors="0" timestamp="2025-05-31T14:56:39 IST" skipped="0">
  <testcase classname="books.TC_DWS_002_Test" name="clickOnElectronics" time="8.015"/>
</testsuite> <!-- books.TC_DWS_002_Test -->
