<?xml version="1.0" encoding="UTF-8"?>
<!-- Generated by org.testng.reporters.JUnitReportReporter -->
<testsuite hostname="LAPTOP-449P6O1H" failures="0" tests="1" name="ToAddScreenShotIntoReport" time="7.245" errors="0" timestamp="2025-05-06T16:05:34 IST" skipped="0">
  <testcase classname="ToAddScreenShotIntoReport" name="addScreenshot" time="7.245"/>
</testsuite> <!-- ToAddScreenShotIntoReport -->
