<?xml version="1.0" encoding="UTF-8"?>
<!-- Generated by org.testng.reporters.JUnitReportReporter -->
<testsuite hostname="LAPTOP-449P6O1H" failures="0" tests="1" name="computers.TC_DWS_005_Test" time="4.213" errors="0" timestamp="2025-06-02T12:10:05 IST" skipped="0">
  <testcase classname="computers.TC_DWS_005_Test" name="clickOnNotebooks" time="4.213"/>
</testsuite> <!-- computers.TC_DWS_005_Test -->
